Removed Pin From Net: NetName=GPIO0 Pin=myLED-K
Removed Pin From Net: NetName=VCC3.3 Pin=R12-1
Removed Member From Class: ClassName=LOT_Watch Member=myLED
Change Component Footprint: Designator=RST Old Footprint=TSW 3*6*4.3-S-W New Footprint=TSW SMD-3*6*2.5
Change Component Comment : Designator=R12 Old Comment=680 New Comment=4.7K
Added Component: Designator=BEEP(BELL-5)
Add component. Clean all parameters for all variants
Added Component: Designator=Q3(SOT23-3N)
Add component. Clean all parameters for all variants
Add component (AddParameter): Name = "BOM名称"; Value = "高频放大-NPN型"; VariantName = "[No Variations]"
Add component (AddParameter): Name = "学习资源"; Value = "www.ooocke.com"; VariantName = "[No Variations]"
Add component (AddParameter): Name = "属性"; Value = "40V 1.5A 1W 100MHZ"; VariantName = "[No Variations]"
Add component (AddParameter): Name = "版权归属"; Value = "源创客"; VariantName = "[No Variations]"
Added Component: Designator=R15(R 0805_L)
Add component. Clean all parameters for all variants
Add component (AddParameter): Name = "BOM名称"; Value = "贴片电阻"; VariantName = "[No Variations]"
Add component (AddParameter): Name = "学习资源"; Value = "www.ooocke.com"; VariantName = "[No Variations]"
Add component (AddParameter): Name = "版权归属"; Value = "源创客"; VariantName = "[No Variations]"
Added Pin To Net: NetName=VCC3.3 Pin=BEEP-1
Added Pin To Net: NetName=GND Pin=Q3-2
Added Pin To Net: NetName=GPIO0 Pin=R12-1
Added Pin To Net: NetName=GND Pin=R15-1
Added Pin To Net: NetName=NetBEEP_2 Pin=BEEP-2
Added Pin To Net: NetName=NetBEEP_2 Pin=Q3-3
Added Net: Name=NetBEEP_2
Added Pin To Net: NetName=NetQ3_1 Pin=Q3-1
Added Pin To Net: NetName=NetQ3_1 Pin=R12-2
Added Pin To Net: NetName=NetQ3_1 Pin=R15-2
Added Net: Name=NetQ3_1
Added Member To Class: ClassName=LOT_Watch Member=Component BEEP
Added Member To Class: ClassName=LOT_Watch Member=Component Q3 SS8050
Added Member To Class: ClassName=LOT_Watch Member=Component R15 10k
Added Room: Name=LOT_Watch
