Added Component: Designator=0.96OLED(HDR2.54-M-LI-4P)
Add component. Clean all parameters for all variants
Add component (AddParameter): Name = "BOM名称"; Value = "4P接插件"; VariantName = "[No Variations]"
Add component (AddParameter): Name = "学习资源"; Value = "www.ooocke.com"; VariantName = "[No Variations]"
Add component (AddParameter): Name = "版权归属"; Value = "源创客"; VariantName = "[No Variations]"
Added Component: Designator=Back_Key(TSW 3*6*4.3-S-W)
Add component. Clean all parameters for all variants
Add component (AddParameter): Name = "BOM名称"; Value = "3x6轻触开关"; VariantName = "[No Variations]"
Add component (AddParameter): Name = "学习资源"; Value = "www.ooocke.com"; VariantName = "[No Variations]"
Add component (AddParameter): Name = "版权归属"; Value = "源创客"; VariantName = "[No Variations]"
Added Component: Designator=C1(C 0805_L)
Add component. Clean all parameters for all variants
Add component (AddParameter): Name = "BOM名称"; Value = "无极性贴片电容"; VariantName = "[No Variations]"
Add component (AddParameter): Name = "学习资源"; Value = "www.ooocke.com"; VariantName = "[No Variations]"
Add component (AddParameter): Name = "版权归属"; Value = "源创客"; VariantName = "[No Variations]"
Added Component: Designator=C2(C0805)
Add component. Clean all parameters for all variants
Add component (AddParameter): Name = ""; Value = "100nF"; VariantName = "[No Variations]"
Added Component: Designator=C3(C0805)
Add component. Clean all parameters for all variants
Add component (AddParameter): Name = ""; Value = "100nF"; VariantName = "[No Variations]"
Added Component: Designator=C4(C0805)
Add component. Clean all parameters for all variants
Add component (AddParameter): Name = ""; Value = "100nF"; VariantName = "[No Variations]"
Added Component: Designator=C5(C0805)
Add component. Clean all parameters for all variants
Add component (AddParameter): Name = ""; Value = "100nF"; VariantName = "[No Variations]"
Added Component: Designator=C6(C0805)
Add component. Clean all parameters for all variants
Add component (AddParameter): Name = ""; Value = "100nF"; VariantName = "[No Variations]"
Added Component: Designator=C7(C0805)
Add component. Clean all parameters for all variants
Add component (AddParameter): Name = ""; Value = "100nF"; VariantName = "[No Variations]"
Added Component: Designator=Down_Key(TSW 3*6*4.3-S-W)
Add component. Clean all parameters for all variants
Add component (AddParameter): Name = "BOM名称"; Value = "3x6轻触开关"; VariantName = "[No Variations]"
Add component (AddParameter): Name = "学习资源"; Value = "www.ooocke.com"; VariantName = "[No Variations]"
Add component (AddParameter): Name = "版权归属"; Value = "源创客"; VariantName = "[No Variations]"
Added Component: Designator=JP1(XH2.54-WS-2P)
Add component. Clean all parameters for all variants
Add component (AddParameter): Name = "BOM名称"; Value = "2P接插件"; VariantName = "[No Variations]"
Add component (AddParameter): Name = "学习资源"; Value = "www.ooocke.com"; VariantName = "[No Variations]"
Add component (AddParameter): Name = "版权归属"; Value = "源创客"; VariantName = "[No Variations]"
Added Component: Designator=LED1(LED0805)
Add component. Clean all parameters for all variants
Added Component: Designator=myLED(LED0805)
Add component. Clean all parameters for all variants
Added Component: Designator=Q1(SOT23-3N)
Add component. Clean all parameters for all variants
Add component (AddParameter): Name = "BOM名称"; Value = "高频放大-NPN型"; VariantName = "[No Variations]"
Add component (AddParameter): Name = "学习资源"; Value = "www.ooocke.com"; VariantName = "[No Variations]"
Add component (AddParameter): Name = "属性"; Value = "40V 1.5A 1W 100MHZ"; VariantName = "[No Variations]"
Add component (AddParameter): Name = "版权归属"; Value = "源创客"; VariantName = "[No Variations]"
Added Component: Designator=Q2(SOT23-3N)
Add component. Clean all parameters for all variants
Add component (AddParameter): Name = "BOM名称"; Value = "高频放大-NPN型"; VariantName = "[No Variations]"
Add component (AddParameter): Name = "学习资源"; Value = "www.ooocke.com"; VariantName = "[No Variations]"
Add component (AddParameter): Name = "属性"; Value = "40V 1.5A 1W 100MHZ"; VariantName = "[No Variations]"
Add component (AddParameter): Name = "版权归属"; Value = "源创客"; VariantName = "[No Variations]"
Added Component: Designator=R1(R 0805_L)
Add component. Clean all parameters for all variants
Add component (AddParameter): Name = "BOM名称"; Value = "贴片电阻"; VariantName = "[No Variations]"
Add component (AddParameter): Name = "学习资源"; Value = "www.ooocke.com"; VariantName = "[No Variations]"
Add component (AddParameter): Name = "版权归属"; Value = "源创客"; VariantName = "[No Variations]"
Added Component: Designator=R2(R 0805_L)
Add component. Clean all parameters for all variants
Add component (AddParameter): Name = "BOM名称"; Value = "贴片电阻"; VariantName = "[No Variations]"
Add component (AddParameter): Name = "学习资源"; Value = "www.ooocke.com"; VariantName = "[No Variations]"
Add component (AddParameter): Name = "版权归属"; Value = "源创客"; VariantName = "[No Variations]"
Added Component: Designator=R3(R 0805_L)
Add component. Clean all parameters for all variants
Add component (AddParameter): Name = "BOM名称"; Value = "贴片电阻"; VariantName = "[No Variations]"
Add component (AddParameter): Name = "学习资源"; Value = "www.ooocke.com"; VariantName = "[No Variations]"
Add component (AddParameter): Name = "版权归属"; Value = "源创客"; VariantName = "[No Variations]"
Added Component: Designator=R4(R 0805_L)
Add component. Clean all parameters for all variants
Add component (AddParameter): Name = "BOM名称"; Value = "贴片电阻"; VariantName = "[No Variations]"
Add component (AddParameter): Name = "学习资源"; Value = "www.ooocke.com"; VariantName = "[No Variations]"
Add component (AddParameter): Name = "版权归属"; Value = "源创客"; VariantName = "[No Variations]"
Added Component: Designator=R5(R 0805_L)
Add component. Clean all parameters for all variants
Add component (AddParameter): Name = "BOM名称"; Value = "贴片电阻"; VariantName = "[No Variations]"
Add component (AddParameter): Name = "学习资源"; Value = "www.ooocke.com"; VariantName = "[No Variations]"
Add component (AddParameter): Name = "版权归属"; Value = "源创客"; VariantName = "[No Variations]"
Added Component: Designator=R6(R 0805_L)
Add component. Clean all parameters for all variants
Add component (AddParameter): Name = "BOM名称"; Value = "贴片电阻"; VariantName = "[No Variations]"
Add component (AddParameter): Name = "学习资源"; Value = "www.ooocke.com"; VariantName = "[No Variations]"
Add component (AddParameter): Name = "版权归属"; Value = "源创客"; VariantName = "[No Variations]"
Added Component: Designator=R7(R 0805_L)
Add component. Clean all parameters for all variants
Add component (AddParameter): Name = "BOM名称"; Value = "贴片电阻"; VariantName = "[No Variations]"
Add component (AddParameter): Name = "学习资源"; Value = "www.ooocke.com"; VariantName = "[No Variations]"
Add component (AddParameter): Name = "版权归属"; Value = "源创客"; VariantName = "[No Variations]"
Added Component: Designator=R8(R 0805_L)
Add component. Clean all parameters for all variants
Add component (AddParameter): Name = "BOM名称"; Value = "贴片电阻"; VariantName = "[No Variations]"
Add component (AddParameter): Name = "学习资源"; Value = "www.ooocke.com"; VariantName = "[No Variations]"
Add component (AddParameter): Name = "版权归属"; Value = "源创客"; VariantName = "[No Variations]"
Added Component: Designator=R9(R 0805_L)
Add component. Clean all parameters for all variants
Add component (AddParameter): Name = "BOM名称"; Value = "贴片电阻"; VariantName = "[No Variations]"
Add component (AddParameter): Name = "学习资源"; Value = "www.ooocke.com"; VariantName = "[No Variations]"
Add component (AddParameter): Name = "版权归属"; Value = "源创客"; VariantName = "[No Variations]"
Added Component: Designator=R10(R 0805_L)
Add component. Clean all parameters for all variants
Add component (AddParameter): Name = "BOM名称"; Value = "贴片电阻"; VariantName = "[No Variations]"
Add component (AddParameter): Name = "学习资源"; Value = "www.ooocke.com"; VariantName = "[No Variations]"
Add component (AddParameter): Name = "版权归属"; Value = "源创客"; VariantName = "[No Variations]"
Added Component: Designator=R11(R 0805_L)
Add component. Clean all parameters for all variants
Add component (AddParameter): Name = "BOM名称"; Value = "贴片电阻"; VariantName = "[No Variations]"
Add component (AddParameter): Name = "学习资源"; Value = "www.ooocke.com"; VariantName = "[No Variations]"
Add component (AddParameter): Name = "版权归属"; Value = "源创客"; VariantName = "[No Variations]"
Added Component: Designator=R12(R 0805_L)
Add component. Clean all parameters for all variants
Add component (AddParameter): Name = "BOM名称"; Value = "贴片电阻"; VariantName = "[No Variations]"
Add component (AddParameter): Name = "学习资源"; Value = "www.ooocke.com"; VariantName = "[No Variations]"
Add component (AddParameter): Name = "版权归属"; Value = "源创客"; VariantName = "[No Variations]"
Added Component: Designator=R13(R 0805_L)
Add component. Clean all parameters for all variants
Add component (AddParameter): Name = "BOM名称"; Value = "贴片电阻"; VariantName = "[No Variations]"
Add component (AddParameter): Name = "学习资源"; Value = "www.ooocke.com"; VariantName = "[No Variations]"
Add component (AddParameter): Name = "版权归属"; Value = "源创客"; VariantName = "[No Variations]"
Added Component: Designator=R14(R 0805_L)
Add component. Clean all parameters for all variants
Add component (AddParameter): Name = "BOM名称"; Value = "贴片电阻"; VariantName = "[No Variations]"
Add component (AddParameter): Name = "学习资源"; Value = "www.ooocke.com"; VariantName = "[No Variations]"
Add component (AddParameter): Name = "版权归属"; Value = "源创客"; VariantName = "[No Variations]"
Added Component: Designator=RST(TSW SMD-3*6*2.5)
Add component. Clean all parameters for all variants
Add component (AddParameter): Name = "BOM名称"; Value = "3x6轻触开关"; VariantName = "[No Variations]"
Add component (AddParameter): Name = "学习资源"; Value = "www.ooocke.com"; VariantName = "[No Variations]"
Add component (AddParameter): Name = "版权归属"; Value = "源创客"; VariantName = "[No Variations]"
Added Component: Designator=Set_Key(TSW 3*6*4.3-S-W)
Add component. Clean all parameters for all variants
Add component (AddParameter): Name = "BOM名称"; Value = "3x6轻触开关"; VariantName = "[No Variations]"
Add component (AddParameter): Name = "学习资源"; Value = "www.ooocke.com"; VariantName = "[No Variations]"
Add component (AddParameter): Name = "版权归属"; Value = "源创客"; VariantName = "[No Variations]"
Added Component: Designator=U1(ESP_12E)
Add component. Clean all parameters for all variants
Add component (AddParameter): Name = "BOM名称"; Value = "WIFI模块"; VariantName = "[No Variations]"
Add component (AddParameter): Name = "学习资源"; Value = "www.ooocke.com"; VariantName = "[No Variations]"
Add component (AddParameter): Name = "版权归属"; Value = "源创客"; VariantName = "[No Variations]"
Added Component: Designator=U2(SOP16M)
Add component. Clean all parameters for all variants
Added Component: Designator=U3(SOP-8)
Add component. Clean all parameters for all variants
Added Component: Designator=Up_Key(TSW 3*6*4.3-S-W)
Add component. Clean all parameters for all variants
Add component (AddParameter): Name = "BOM名称"; Value = "3x6轻触开关"; VariantName = "[No Variations]"
Add component (AddParameter): Name = "学习资源"; Value = "www.ooocke.com"; VariantName = "[No Variations]"
Add component (AddParameter): Name = "版权归属"; Value = "源创客"; VariantName = "[No Variations]"
Added Component: Designator=USB1(USB-MICRO_A)
Add component. Clean all parameters for all variants
Add component (AddParameter): Name = "BOM名称"; Value = "微型USB母座"; VariantName = "[No Variations]"
Add component (AddParameter): Name = "学习资源"; Value = "www.ooocke.com"; VariantName = "[No Variations]"
Add component (AddParameter): Name = "版权归属"; Value = "源创客"; VariantName = "[No Variations]"
Added Component: Designator=V1(SOT223_L)
Add component. Clean all parameters for all variants
Add component (AddParameter): Name = "BOM名称"; Value = "稳压芯片"; VariantName = "[No Variations]"
Add component (AddParameter): Name = "学习资源"; Value = "www.ooocke.com"; VariantName = "[No Variations]"
Add component (AddParameter): Name = "版权归属"; Value = "源创客"; VariantName = "[No Variations]"
Added Pin To Net: NetName=3.3VCC Pin=R2-2
Added Pin To Net: NetName=3.3VCC Pin=R3-2
Added Pin To Net: NetName=3.3VCC Pin=R4-2
Added Pin To Net: NetName=3.3VCC Pin=R5-1
Added Pin To Net: NetName=3.3VCC Pin=U1-8
Added Pin To Net: NetName=3.3VCC Pin=U2-4
Added Net: Name=3.3VCC
Added Pin To Net: NetName=24C02SCL Pin=R5-2
Added Pin To Net: NetName=24C02SCL Pin=R9-1
Added Pin To Net: NetName=24C02SCL Pin=U1-17
Added Pin To Net: NetName=24C02SCL Pin=U3-6
Added Net: Name=24C02SCL
Added Pin To Net: NetName=24C02SDA Pin=R1-1
Added Pin To Net: NetName=24C02SDA Pin=R10-1
Added Pin To Net: NetName=24C02SDA Pin=U1-16
Added Pin To Net: NetName=24C02SDA Pin=U3-5
Added Net: Name=24C02SDA
Added Pin To Net: NetName=Back_key Pin=Back_Key-1
Added Pin To Net: NetName=Back_key Pin=U1-4
Added Net: Name=Back_key
Added Pin To Net: NetName=CH340RXD Pin=R6-1
Added Pin To Net: NetName=CH340RXD Pin=U2-3
Added Net: Name=CH340RXD
Added Pin To Net: NetName=CH340TXD Pin=R7-1
Added Pin To Net: NetName=CH340TXD Pin=U2-2
Added Net: Name=CH340TXD
Added Pin To Net: NetName=D+ Pin=U2-5
Added Pin To Net: NetName=D+ Pin=USB1-3
Added Net: Name=D+
Added Pin To Net: NetName=D- Pin=U2-6
Added Pin To Net: NetName=D- Pin=USB1-2
Added Net: Name=D-
Added Pin To Net: NetName=Down_key Pin=Down_Key-1
Added Pin To Net: NetName=Down_key Pin=U1-5
Added Net: Name=Down_key
Added Pin To Net: NetName=DTR Pin=Q2-2
Added Pin To Net: NetName=DTR Pin=R13-1
Added Pin To Net: NetName=DTR Pin=U2-13
Added Net: Name=DTR
Added Pin To Net: NetName=GND Pin=0.96OLED-1
Added Pin To Net: NetName=GND Pin=Back_Key-2
Added Pin To Net: NetName=GND Pin=C1-1
Added Pin To Net: NetName=GND Pin=C2-1
Added Pin To Net: NetName=GND Pin=C3-1
Added Pin To Net: NetName=GND Pin=C4-1
Added Pin To Net: NetName=GND Pin=C5-1
Added Pin To Net: NetName=GND Pin=C6-1
Added Pin To Net: NetName=GND Pin=C7-2
Added Pin To Net: NetName=GND Pin=Down_Key-2
Added Pin To Net: NetName=GND Pin=JP1-1
Added Pin To Net: NetName=GND Pin=LED1-K
Added Pin To Net: NetName=GND Pin=R1-2
Added Pin To Net: NetName=GND Pin=R11-1
Added Pin To Net: NetName=GND Pin=RST-1
Added Pin To Net: NetName=GND Pin=U1-15
Added Pin To Net: NetName=GND Pin=U2-1
Added Pin To Net: NetName=GND Pin=U3-1
Added Pin To Net: NetName=GND Pin=U3-2
Added Pin To Net: NetName=GND Pin=U3-3
Added Pin To Net: NetName=GND Pin=U3-4
Added Pin To Net: NetName=GND Pin=U3-7
Added Pin To Net: NetName=GND Pin=Up_Key-2
Added Pin To Net: NetName=GND Pin=USB1-5
Added Pin To Net: NetName=GND Pin=USB1-5
Added Pin To Net: NetName=GND Pin=USB1-5
Added Pin To Net: NetName=GND Pin=USB1-5
Added Pin To Net: NetName=GND Pin=USB1-5
Added Pin To Net: NetName=GND Pin=V1-1
Added Net: Name=GND
Added Pin To Net: NetName=GPIO0 Pin=myLED-K
Added Pin To Net: NetName=GPIO0 Pin=Q2-3
Added Pin To Net: NetName=GPIO0 Pin=R4-1
Added Pin To Net: NetName=GPIO0 Pin=U1-18
Added Net: Name=GPIO0
Added Pin To Net: NetName=NetLED1_A Pin=LED1-A
Added Pin To Net: NetName=NetLED1_A Pin=R8-2
Added Net: Name=NetLED1_A
Added Pin To Net: NetName=NetmyLED_A Pin=myLED-A
Added Pin To Net: NetName=NetmyLED_A Pin=R12-2
Added Net: Name=NetmyLED_A
Added Pin To Net: NetName=NetQ1_1 Pin=Q1-1
Added Pin To Net: NetName=NetQ1_1 Pin=R13-2
Added Net: Name=NetQ1_1
Added Pin To Net: NetName=NetQ2_1 Pin=Q2-1
Added Pin To Net: NetName=NetQ2_1 Pin=R14-2
Added Net: Name=NetQ2_1
Added Pin To Net: NetName=NetR3_1 Pin=R3-1
Added Pin To Net: NetName=NetR3_1 Pin=U1-3
Added Net: Name=NetR3_1
Added Pin To Net: NetName=NetR6_2 Pin=R6-2
Added Pin To Net: NetName=NetR6_2 Pin=U1-22
Added Net: Name=NetR6_2
Added Pin To Net: NetName=NetR7_2 Pin=R7-2
Added Pin To Net: NetName=NetR7_2 Pin=U1-21
Added Net: Name=NetR7_2
Added Pin To Net: NetName=NetR11_2 Pin=R11-2
Added Pin To Net: NetName=NetR11_2 Pin=U1-2
Added Net: Name=NetR11_2
Added Pin To Net: NetName=nRST Pin=C1-2
Added Pin To Net: NetName=nRST Pin=Q1-3
Added Pin To Net: NetName=nRST Pin=R2-1
Added Pin To Net: NetName=nRST Pin=RST-2
Added Pin To Net: NetName=nRST Pin=U1-1
Added Net: Name=nRST
Added Pin To Net: NetName=OLED_SCL Pin=0.96OLED-3
Added Pin To Net: NetName=OLED_SCL Pin=U1-19
Added Net: Name=OLED_SCL
Added Pin To Net: NetName=OLED_SDA Pin=0.96OLED-4
Added Pin To Net: NetName=OLED_SDA Pin=U1-20
Added Net: Name=OLED_SDA
Added Pin To Net: NetName=RTS Pin=Q1-2
Added Pin To Net: NetName=RTS Pin=R14-1
Added Pin To Net: NetName=RTS Pin=U2-14
Added Net: Name=RTS
Added Pin To Net: NetName=Set_key Pin=Set_Key-1
Added Pin To Net: NetName=Set_key Pin=U1-7
Added Net: Name=Set_key
Added Pin To Net: NetName=Up_key Pin=U1-6
Added Pin To Net: NetName=Up_key Pin=Up_Key-1
Added Net: Name=Up_key
Added Pin To Net: NetName=VCC3.3 Pin=0.96OLED-2
Added Pin To Net: NetName=VCC3.3 Pin=C2-2
Added Pin To Net: NetName=VCC3.3 Pin=C5-2
Added Pin To Net: NetName=VCC3.3 Pin=C6-2
Added Pin To Net: NetName=VCC3.3 Pin=C7-1
Added Pin To Net: NetName=VCC3.3 Pin=JP1-2
Added Pin To Net: NetName=VCC3.3 Pin=R8-1
Added Pin To Net: NetName=VCC3.3 Pin=R9-2
Added Pin To Net: NetName=VCC3.3 Pin=R10-2
Added Pin To Net: NetName=VCC3.3 Pin=R12-1
Added Pin To Net: NetName=VCC3.3 Pin=U2-16
Added Pin To Net: NetName=VCC3.3 Pin=U3-8
Added Pin To Net: NetName=VCC3.3 Pin=V1-2
Added Pin To Net: NetName=VCC3.3 Pin=V1-2
Added Net: Name=VCC3.3
Added Pin To Net: NetName=VCC5 Pin=C3-2
Added Pin To Net: NetName=VCC5 Pin=C4-2
Added Pin To Net: NetName=VCC5 Pin=USB1-1
Added Pin To Net: NetName=VCC5 Pin=V1-3
Added Net: Name=VCC5
Added Pin To Net: NetName=VCC Pin=Set_Key-2
Added Net: Name=VCC
Added Class: Name=LOT_Watch
Added Room: Name=LOT_Watch
